<?xml version="1.0" encoding="UTF-8"?>
<!-- Generated by org.testng.reporters.JUnitReportReporter -->
<testsuite hostname="DESKTOP-R4IOO2V" failures="0" tests="2" name="com.simpletestdemo.TestDemo" time="0.015" errors="0" timestamp="2023-09-26T17:41:00 IST" skipped="0">
  <testcase classname="com.simpletestdemo.TestDemo" name="m1" time="0.013"/>
  <testcase classname="com.simpletestdemo.TestDemo" name="m2" time="0.002"/>
</testsuite> <!-- com.simpletestdemo.TestDemo -->
